# Accepted complete A-I run: 6f58613, dirty=0
P33 UART 115200 8N1
P33 BUILD 6f58613
P33 INIT 01
P33 INIT 02
P33 INIT 03
P33 INIT 04
P33 INIT 05
P33 INIT 06
P33 INIT 07
P33 INIT 08
P33 INIT 11

# Current objective-transition run: 6ef2c86, dirty=0, PASS
P33 UART 115200 8N1
P33 BUILD 6ef2c86
P33 INIT 01
P33 INIT 02
P33 INIT 03
P33 INIT 04
P33 INIT 05
P33 INIT 06
P33 INIT 07
P33 INIT 08
P33 INIT 11

# Current full A-I rerun: 6ef2c86, ABORTED_BY_USER_TIME_LIMIT
# UART reached INIT 11, but this run is not a formal A-I pass.
